Determining if the pthread_create exist failed with the following output:
Change Dir: /home/afif/catkin_ws/build/ur_description/CMakeFiles/CMakeTmp

Run Build Command:"/usr/bin/make" "cmTC_70243/fast"
/usr/bin/make -f CMakeFiles/cmTC_70243.dir/build.make CMakeFiles/cmTC_70243.dir/build
make[1]: Entering directory '/home/afif/catkin_ws/build/ur_description/CMakeFiles/CMakeTmp'
Building C object CMakeFiles/cmTC_70243.dir/CheckSymbolExists.c.o
/usr/bin/cc    -o CMakeFiles/cmTC_70243.dir/CheckSymbolExists.c.o   -c /home/afif/catkin_ws/build/ur_description/CMakeFiles/CMakeTmp/CheckSymbolExists.c
Linking C executable cmTC_70243
/usr/bin/cmake -E cmake_link_script CMakeFiles/cmTC_70243.dir/link.txt --verbose=1
/usr/bin/cc      -rdynamic CMakeFiles/cmTC_70243.dir/CheckSymbolExists.c.o  -o cmTC_70243 
CMakeFiles/cmTC_70243.dir/CheckSymbolExists.c.o: In function `main':
CheckSymbolExists.c:(.text+0x1b): undefined reference to `pthread_create'
collect2: error: ld returned 1 exit status
CMakeFiles/cmTC_70243.dir/build.make:97: recipe for target 'cmTC_70243' failed
make[1]: *** [cmTC_70243] Error 1
make[1]: Leaving directory '/home/afif/catkin_ws/build/ur_description/CMakeFiles/CMakeTmp'
Makefile:126: recipe for target 'cmTC_70243/fast' failed
make: *** [cmTC_70243/fast] Error 2

File /home/afif/catkin_ws/build/ur_description/CMakeFiles/CMakeTmp/CheckSymbolExists.c:
/* */
#include <pthread.h>

int main(int argc, char** argv)
{
  (void)argv;
#ifndef pthread_create
  return ((int*)(&pthread_create))[argc];
#else
  (void)argc;
  return 0;
#endif
}

Determining if the function pthread_create exists in the pthreads failed with the following output:
Change Dir: /home/afif/catkin_ws/build/ur_description/CMakeFiles/CMakeTmp

Run Build Command:"/usr/bin/make" "cmTC_7821b/fast"
/usr/bin/make -f CMakeFiles/cmTC_7821b.dir/build.make CMakeFiles/cmTC_7821b.dir/build
make[1]: Entering directory '/home/afif/catkin_ws/build/ur_description/CMakeFiles/CMakeTmp'
Building C object CMakeFiles/cmTC_7821b.dir/CheckFunctionExists.c.o
/usr/bin/cc   -DCHECK_FUNCTION_EXISTS=pthread_create   -o CMakeFiles/cmTC_7821b.dir/CheckFunctionExists.c.o   -c /usr/share/cmake-3.10/Modules/CheckFunctionExists.c
Linking C executable cmTC_7821b
/usr/bin/cmake -E cmake_link_script CMakeFiles/cmTC_7821b.dir/link.txt --verbose=1
/usr/bin/cc  -DCHECK_FUNCTION_EXISTS=pthread_create    -rdynamic CMakeFiles/cmTC_7821b.dir/CheckFunctionExists.c.o  -o cmTC_7821b -lpthreads 
/usr/bin/ld: cannot find -lpthreads
collect2: error: ld returned 1 exit status
CMakeFiles/cmTC_7821b.dir/build.make:97: recipe for target 'cmTC_7821b' failed
make[1]: *** [cmTC_7821b] Error 1
make[1]: Leaving directory '/home/afif/catkin_ws/build/ur_description/CMakeFiles/CMakeTmp'
Makefile:126: recipe for target 'cmTC_7821b/fast' failed
make: *** [cmTC_7821b/fast] Error 2


