Determining if the pthread_create exist failed with the following output:
Change Dir: /home/afif/catkin_ws/build/ur5_e_moveit_config/CMakeFiles/CMakeTmp

Run Build Command:"/usr/bin/make" "cmTC_4994b/fast"
/usr/bin/make -f CMakeFiles/cmTC_4994b.dir/build.make CMakeFiles/cmTC_4994b.dir/build
make[1]: Entering directory '/home/afif/catkin_ws/build/ur5_e_moveit_config/CMakeFiles/CMakeTmp'
Building C object CMakeFiles/cmTC_4994b.dir/CheckSymbolExists.c.o
/usr/bin/cc    -o CMakeFiles/cmTC_4994b.dir/CheckSymbolExists.c.o   -c /home/afif/catkin_ws/build/ur5_e_moveit_config/CMakeFiles/CMakeTmp/CheckSymbolExists.c
Linking C executable cmTC_4994b
/usr/bin/cmake -E cmake_link_script CMakeFiles/cmTC_4994b.dir/link.txt --verbose=1
/usr/bin/cc      -rdynamic CMakeFiles/cmTC_4994b.dir/CheckSymbolExists.c.o  -o cmTC_4994b 
CMakeFiles/cmTC_4994b.dir/CheckSymbolExists.c.o: In function `main':
CheckSymbolExists.c:(.text+0x1b): undefined reference to `pthread_create'
collect2: error: ld returned 1 exit status
CMakeFiles/cmTC_4994b.dir/build.make:97: recipe for target 'cmTC_4994b' failed
make[1]: *** [cmTC_4994b] Error 1
make[1]: Leaving directory '/home/afif/catkin_ws/build/ur5_e_moveit_config/CMakeFiles/CMakeTmp'
Makefile:126: recipe for target 'cmTC_4994b/fast' failed
make: *** [cmTC_4994b/fast] Error 2

File /home/afif/catkin_ws/build/ur5_e_moveit_config/CMakeFiles/CMakeTmp/CheckSymbolExists.c:
/* */
#include <pthread.h>

int main(int argc, char** argv)
{
  (void)argv;
#ifndef pthread_create
  return ((int*)(&pthread_create))[argc];
#else
  (void)argc;
  return 0;
#endif
}

Determining if the function pthread_create exists in the pthreads failed with the following output:
Change Dir: /home/afif/catkin_ws/build/ur5_e_moveit_config/CMakeFiles/CMakeTmp

Run Build Command:"/usr/bin/make" "cmTC_18212/fast"
/usr/bin/make -f CMakeFiles/cmTC_18212.dir/build.make CMakeFiles/cmTC_18212.dir/build
make[1]: Entering directory '/home/afif/catkin_ws/build/ur5_e_moveit_config/CMakeFiles/CMakeTmp'
Building C object CMakeFiles/cmTC_18212.dir/CheckFunctionExists.c.o
/usr/bin/cc   -DCHECK_FUNCTION_EXISTS=pthread_create   -o CMakeFiles/cmTC_18212.dir/CheckFunctionExists.c.o   -c /usr/share/cmake-3.10/Modules/CheckFunctionExists.c
Linking C executable cmTC_18212
/usr/bin/cmake -E cmake_link_script CMakeFiles/cmTC_18212.dir/link.txt --verbose=1
/usr/bin/cc  -DCHECK_FUNCTION_EXISTS=pthread_create    -rdynamic CMakeFiles/cmTC_18212.dir/CheckFunctionExists.c.o  -o cmTC_18212 -lpthreads 
/usr/bin/ld: cannot find -lpthreads
collect2: error: ld returned 1 exit status
CMakeFiles/cmTC_18212.dir/build.make:97: recipe for target 'cmTC_18212' failed
make[1]: *** [cmTC_18212] Error 1
make[1]: Leaving directory '/home/afif/catkin_ws/build/ur5_e_moveit_config/CMakeFiles/CMakeTmp'
Makefile:126: recipe for target 'cmTC_18212/fast' failed
make: *** [cmTC_18212/fast] Error 2


