Determining if the pthread_create exist failed with the following output:
Change Dir: /home/afif/catkin_ws/build/ur10_e_moveit_config/CMakeFiles/CMakeTmp

Run Build Command:"/usr/bin/make" "cmTC_020de/fast"
/usr/bin/make -f CMakeFiles/cmTC_020de.dir/build.make CMakeFiles/cmTC_020de.dir/build
make[1]: Entering directory '/home/afif/catkin_ws/build/ur10_e_moveit_config/CMakeFiles/CMakeTmp'
Building C object CMakeFiles/cmTC_020de.dir/CheckSymbolExists.c.o
/usr/bin/cc    -o CMakeFiles/cmTC_020de.dir/CheckSymbolExists.c.o   -c /home/afif/catkin_ws/build/ur10_e_moveit_config/CMakeFiles/CMakeTmp/CheckSymbolExists.c
Linking C executable cmTC_020de
/usr/bin/cmake -E cmake_link_script CMakeFiles/cmTC_020de.dir/link.txt --verbose=1
/usr/bin/cc      -rdynamic CMakeFiles/cmTC_020de.dir/CheckSymbolExists.c.o  -o cmTC_020de 
CMakeFiles/cmTC_020de.dir/CheckSymbolExists.c.o: In function `main':
CheckSymbolExists.c:(.text+0x1b): undefined reference to `pthread_create'
collect2: error: ld returned 1 exit status
CMakeFiles/cmTC_020de.dir/build.make:97: recipe for target 'cmTC_020de' failed
make[1]: *** [cmTC_020de] Error 1
make[1]: Leaving directory '/home/afif/catkin_ws/build/ur10_e_moveit_config/CMakeFiles/CMakeTmp'
Makefile:126: recipe for target 'cmTC_020de/fast' failed
make: *** [cmTC_020de/fast] Error 2

File /home/afif/catkin_ws/build/ur10_e_moveit_config/CMakeFiles/CMakeTmp/CheckSymbolExists.c:
/* */
#include <pthread.h>

int main(int argc, char** argv)
{
  (void)argv;
#ifndef pthread_create
  return ((int*)(&pthread_create))[argc];
#else
  (void)argc;
  return 0;
#endif
}

Determining if the function pthread_create exists in the pthreads failed with the following output:
Change Dir: /home/afif/catkin_ws/build/ur10_e_moveit_config/CMakeFiles/CMakeTmp

Run Build Command:"/usr/bin/make" "cmTC_889b3/fast"
/usr/bin/make -f CMakeFiles/cmTC_889b3.dir/build.make CMakeFiles/cmTC_889b3.dir/build
make[1]: Entering directory '/home/afif/catkin_ws/build/ur10_e_moveit_config/CMakeFiles/CMakeTmp'
Building C object CMakeFiles/cmTC_889b3.dir/CheckFunctionExists.c.o
/usr/bin/cc   -DCHECK_FUNCTION_EXISTS=pthread_create   -o CMakeFiles/cmTC_889b3.dir/CheckFunctionExists.c.o   -c /usr/share/cmake-3.10/Modules/CheckFunctionExists.c
Linking C executable cmTC_889b3
/usr/bin/cmake -E cmake_link_script CMakeFiles/cmTC_889b3.dir/link.txt --verbose=1
/usr/bin/cc  -DCHECK_FUNCTION_EXISTS=pthread_create    -rdynamic CMakeFiles/cmTC_889b3.dir/CheckFunctionExists.c.o  -o cmTC_889b3 -lpthreads 
/usr/bin/ld: cannot find -lpthreads
collect2: error: ld returned 1 exit status
CMakeFiles/cmTC_889b3.dir/build.make:97: recipe for target 'cmTC_889b3' failed
make[1]: *** [cmTC_889b3] Error 1
make[1]: Leaving directory '/home/afif/catkin_ws/build/ur10_e_moveit_config/CMakeFiles/CMakeTmp'
Makefile:126: recipe for target 'cmTC_889b3/fast' failed
make: *** [cmTC_889b3/fast] Error 2


