Determining if the pthread_create exist failed with the following output:
Change Dir: /home/afif/catkin_ws/build/ur_bringup/CMakeFiles/CMakeTmp

Run Build Command:"/usr/bin/make" "cmTC_06fe3/fast"
/usr/bin/make -f CMakeFiles/cmTC_06fe3.dir/build.make CMakeFiles/cmTC_06fe3.dir/build
make[1]: Entering directory '/home/afif/catkin_ws/build/ur_bringup/CMakeFiles/CMakeTmp'
Building C object CMakeFiles/cmTC_06fe3.dir/CheckSymbolExists.c.o
/usr/bin/cc    -o CMakeFiles/cmTC_06fe3.dir/CheckSymbolExists.c.o   -c /home/afif/catkin_ws/build/ur_bringup/CMakeFiles/CMakeTmp/CheckSymbolExists.c
Linking C executable cmTC_06fe3
/usr/bin/cmake -E cmake_link_script CMakeFiles/cmTC_06fe3.dir/link.txt --verbose=1
/usr/bin/cc      -rdynamic CMakeFiles/cmTC_06fe3.dir/CheckSymbolExists.c.o  -o cmTC_06fe3 
CMakeFiles/cmTC_06fe3.dir/CheckSymbolExists.c.o: In function `main':
CheckSymbolExists.c:(.text+0x1b): undefined reference to `pthread_create'
collect2: error: ld returned 1 exit status
CMakeFiles/cmTC_06fe3.dir/build.make:97: recipe for target 'cmTC_06fe3' failed
make[1]: *** [cmTC_06fe3] Error 1
make[1]: Leaving directory '/home/afif/catkin_ws/build/ur_bringup/CMakeFiles/CMakeTmp'
Makefile:126: recipe for target 'cmTC_06fe3/fast' failed
make: *** [cmTC_06fe3/fast] Error 2

File /home/afif/catkin_ws/build/ur_bringup/CMakeFiles/CMakeTmp/CheckSymbolExists.c:
/* */
#include <pthread.h>

int main(int argc, char** argv)
{
  (void)argv;
#ifndef pthread_create
  return ((int*)(&pthread_create))[argc];
#else
  (void)argc;
  return 0;
#endif
}

Determining if the function pthread_create exists in the pthreads failed with the following output:
Change Dir: /home/afif/catkin_ws/build/ur_bringup/CMakeFiles/CMakeTmp

Run Build Command:"/usr/bin/make" "cmTC_a5621/fast"
/usr/bin/make -f CMakeFiles/cmTC_a5621.dir/build.make CMakeFiles/cmTC_a5621.dir/build
make[1]: Entering directory '/home/afif/catkin_ws/build/ur_bringup/CMakeFiles/CMakeTmp'
Building C object CMakeFiles/cmTC_a5621.dir/CheckFunctionExists.c.o
/usr/bin/cc   -DCHECK_FUNCTION_EXISTS=pthread_create   -o CMakeFiles/cmTC_a5621.dir/CheckFunctionExists.c.o   -c /usr/share/cmake-3.10/Modules/CheckFunctionExists.c
Linking C executable cmTC_a5621
/usr/bin/cmake -E cmake_link_script CMakeFiles/cmTC_a5621.dir/link.txt --verbose=1
/usr/bin/cc  -DCHECK_FUNCTION_EXISTS=pthread_create    -rdynamic CMakeFiles/cmTC_a5621.dir/CheckFunctionExists.c.o  -o cmTC_a5621 -lpthreads 
/usr/bin/ld: cannot find -lpthreads
collect2: error: ld returned 1 exit status
CMakeFiles/cmTC_a5621.dir/build.make:97: recipe for target 'cmTC_a5621' failed
make[1]: *** [cmTC_a5621] Error 1
make[1]: Leaving directory '/home/afif/catkin_ws/build/ur_bringup/CMakeFiles/CMakeTmp'
Makefile:126: recipe for target 'cmTC_a5621/fast' failed
make: *** [cmTC_a5621/fast] Error 2


