Determining if the pthread_create exist failed with the following output:
Change Dir: /home/afif/catkin_ws/build/ur_e_gazebo/CMakeFiles/CMakeTmp

Run Build Command:"/usr/bin/make" "cmTC_fa9af/fast"
/usr/bin/make -f CMakeFiles/cmTC_fa9af.dir/build.make CMakeFiles/cmTC_fa9af.dir/build
make[1]: Entering directory '/home/afif/catkin_ws/build/ur_e_gazebo/CMakeFiles/CMakeTmp'
Building C object CMakeFiles/cmTC_fa9af.dir/CheckSymbolExists.c.o
/usr/bin/cc    -o CMakeFiles/cmTC_fa9af.dir/CheckSymbolExists.c.o   -c /home/afif/catkin_ws/build/ur_e_gazebo/CMakeFiles/CMakeTmp/CheckSymbolExists.c
Linking C executable cmTC_fa9af
/usr/bin/cmake -E cmake_link_script CMakeFiles/cmTC_fa9af.dir/link.txt --verbose=1
/usr/bin/cc      -rdynamic CMakeFiles/cmTC_fa9af.dir/CheckSymbolExists.c.o  -o cmTC_fa9af 
CMakeFiles/cmTC_fa9af.dir/CheckSymbolExists.c.o: In function `main':
CheckSymbolExists.c:(.text+0x1b): undefined reference to `pthread_create'
collect2: error: ld returned 1 exit status
CMakeFiles/cmTC_fa9af.dir/build.make:97: recipe for target 'cmTC_fa9af' failed
make[1]: *** [cmTC_fa9af] Error 1
make[1]: Leaving directory '/home/afif/catkin_ws/build/ur_e_gazebo/CMakeFiles/CMakeTmp'
Makefile:126: recipe for target 'cmTC_fa9af/fast' failed
make: *** [cmTC_fa9af/fast] Error 2

File /home/afif/catkin_ws/build/ur_e_gazebo/CMakeFiles/CMakeTmp/CheckSymbolExists.c:
/* */
#include <pthread.h>

int main(int argc, char** argv)
{
  (void)argv;
#ifndef pthread_create
  return ((int*)(&pthread_create))[argc];
#else
  (void)argc;
  return 0;
#endif
}

Determining if the function pthread_create exists in the pthreads failed with the following output:
Change Dir: /home/afif/catkin_ws/build/ur_e_gazebo/CMakeFiles/CMakeTmp

Run Build Command:"/usr/bin/make" "cmTC_b6144/fast"
/usr/bin/make -f CMakeFiles/cmTC_b6144.dir/build.make CMakeFiles/cmTC_b6144.dir/build
make[1]: Entering directory '/home/afif/catkin_ws/build/ur_e_gazebo/CMakeFiles/CMakeTmp'
Building C object CMakeFiles/cmTC_b6144.dir/CheckFunctionExists.c.o
/usr/bin/cc   -DCHECK_FUNCTION_EXISTS=pthread_create   -o CMakeFiles/cmTC_b6144.dir/CheckFunctionExists.c.o   -c /usr/share/cmake-3.10/Modules/CheckFunctionExists.c
Linking C executable cmTC_b6144
/usr/bin/cmake -E cmake_link_script CMakeFiles/cmTC_b6144.dir/link.txt --verbose=1
/usr/bin/cc  -DCHECK_FUNCTION_EXISTS=pthread_create    -rdynamic CMakeFiles/cmTC_b6144.dir/CheckFunctionExists.c.o  -o cmTC_b6144 -lpthreads 
/usr/bin/ld: cannot find -lpthreads
collect2: error: ld returned 1 exit status
CMakeFiles/cmTC_b6144.dir/build.make:97: recipe for target 'cmTC_b6144' failed
make[1]: *** [cmTC_b6144] Error 1
make[1]: Leaving directory '/home/afif/catkin_ws/build/ur_e_gazebo/CMakeFiles/CMakeTmp'
Makefile:126: recipe for target 'cmTC_b6144/fast' failed
make: *** [cmTC_b6144/fast] Error 2


