Linked: (/home/afif/catkin_ws/devel/.private/myworkcell_core/include/myworkcell_core/LocalizePart.h, /home/afif/catkin_ws/devel/include/myworkcell_core/LocalizePart.h)
Linked: (/home/afif/catkin_ws/devel/.private/myworkcell_core/include/myworkcell_core/LocalizePartRequest.h, /home/afif/catkin_ws/devel/include/myworkcell_core/LocalizePartRequest.h)
Linked: (/home/afif/catkin_ws/devel/.private/myworkcell_core/include/myworkcell_core/LocalizePartResponse.h, /home/afif/catkin_ws/devel/include/myworkcell_core/LocalizePartResponse.h)
Linked: (/home/afif/catkin_ws/devel/.private/myworkcell_core/lib/myworkcell_core/myworkcell_node, /home/afif/catkin_ws/devel/lib/myworkcell_core/myworkcell_node)
Linked: (/home/afif/catkin_ws/devel/.private/myworkcell_core/lib/myworkcell_core/vision_node, /home/afif/catkin_ws/devel/lib/myworkcell_core/vision_node)
Linked: (/home/afif/catkin_ws/devel/.private/myworkcell_core/lib/pkgconfig/myworkcell_core.pc, /home/afif/catkin_ws/devel/lib/pkgconfig/myworkcell_core.pc)
Linked: (/home/afif/catkin_ws/devel/.private/myworkcell_core/lib/python2.7/dist-packages/myworkcell_core/__init__.py, /home/afif/catkin_ws/devel/lib/python2.7/dist-packages/myworkcell_core/__init__.py)
Linked: (/home/afif/catkin_ws/devel/.private/myworkcell_core/lib/python2.7/dist-packages/myworkcell_core/srv/_LocalizePart.py, /home/afif/catkin_ws/devel/lib/python2.7/dist-packages/myworkcell_core/srv/_LocalizePart.py)
Linked: (/home/afif/catkin_ws/devel/.private/myworkcell_core/lib/python2.7/dist-packages/myworkcell_core/srv/__init__.py, /home/afif/catkin_ws/devel/lib/python2.7/dist-packages/myworkcell_core/srv/__init__.py)
Linked: (/home/afif/catkin_ws/devel/.private/myworkcell_core/share/common-lisp/ros/myworkcell_core/srv/LocalizePart.lisp, /home/afif/catkin_ws/devel/share/common-lisp/ros/myworkcell_core/srv/LocalizePart.lisp)
Linked: (/home/afif/catkin_ws/devel/.private/myworkcell_core/share/common-lisp/ros/myworkcell_core/srv/_package.lisp, /home/afif/catkin_ws/devel/share/common-lisp/ros/myworkcell_core/srv/_package.lisp)
Linked: (/home/afif/catkin_ws/devel/.private/myworkcell_core/share/common-lisp/ros/myworkcell_core/srv/_package_LocalizePart.lisp, /home/afif/catkin_ws/devel/share/common-lisp/ros/myworkcell_core/srv/_package_LocalizePart.lisp)
Linked: (/home/afif/catkin_ws/devel/.private/myworkcell_core/share/common-lisp/ros/myworkcell_core/srv/myworkcell_core-srv.asd, /home/afif/catkin_ws/devel/share/common-lisp/ros/myworkcell_core/srv/myworkcell_core-srv.asd)
Linked: (/home/afif/catkin_ws/devel/.private/myworkcell_core/share/gennodejs/ros/myworkcell_core/_index.js, /home/afif/catkin_ws/devel/share/gennodejs/ros/myworkcell_core/_index.js)
Linked: (/home/afif/catkin_ws/devel/.private/myworkcell_core/share/gennodejs/ros/myworkcell_core/srv/LocalizePart.js, /home/afif/catkin_ws/devel/share/gennodejs/ros/myworkcell_core/srv/LocalizePart.js)
Linked: (/home/afif/catkin_ws/devel/.private/myworkcell_core/share/gennodejs/ros/myworkcell_core/srv/_index.js, /home/afif/catkin_ws/devel/share/gennodejs/ros/myworkcell_core/srv/_index.js)
Linked: (/home/afif/catkin_ws/devel/.private/myworkcell_core/share/myworkcell_core/cmake/myworkcell_core-msg-extras.cmake, /home/afif/catkin_ws/devel/share/myworkcell_core/cmake/myworkcell_core-msg-extras.cmake)
Linked: (/home/afif/catkin_ws/devel/.private/myworkcell_core/share/myworkcell_core/cmake/myworkcell_core-msg-paths.cmake, /home/afif/catkin_ws/devel/share/myworkcell_core/cmake/myworkcell_core-msg-paths.cmake)
Linked: (/home/afif/catkin_ws/devel/.private/myworkcell_core/share/myworkcell_core/cmake/myworkcell_coreConfig-version.cmake, /home/afif/catkin_ws/devel/share/myworkcell_core/cmake/myworkcell_coreConfig-version.cmake)
Linked: (/home/afif/catkin_ws/devel/.private/myworkcell_core/share/myworkcell_core/cmake/myworkcell_coreConfig.cmake, /home/afif/catkin_ws/devel/share/myworkcell_core/cmake/myworkcell_coreConfig.cmake)
Linked: (/home/afif/catkin_ws/devel/.private/myworkcell_core/share/roseus/ros/myworkcell_core/manifest.l, /home/afif/catkin_ws/devel/share/roseus/ros/myworkcell_core/manifest.l)
Linked: (/home/afif/catkin_ws/devel/.private/myworkcell_core/share/roseus/ros/myworkcell_core/srv/LocalizePart.l, /home/afif/catkin_ws/devel/share/roseus/ros/myworkcell_core/srv/LocalizePart.l)
