Symlinking /home/afif/catkin_ws/devel/include/myworkcell_core/LocalizePart.h
Symlinking /home/afif/catkin_ws/devel/include/myworkcell_core/LocalizePartRequest.h
Symlinking /home/afif/catkin_ws/devel/include/myworkcell_core/LocalizePartResponse.h
Linked: (/home/afif/catkin_ws/devel/.private/myworkcell_core/lib/myworkcell_core/vision_node, /home/afif/catkin_ws/devel/lib/myworkcell_core/vision_node)
Linked: (/home/afif/catkin_ws/devel/.private/myworkcell_core/lib/pkgconfig/myworkcell_core.pc, /home/afif/catkin_ws/devel/lib/pkgconfig/myworkcell_core.pc)
Symlinking /home/afif/catkin_ws/devel/lib/python2.7/dist-packages/myworkcell_core/__init__.py
Symlinking /home/afif/catkin_ws/devel/lib/python2.7/dist-packages/myworkcell_core/srv/_LocalizePart.py
Symlinking /home/afif/catkin_ws/devel/lib/python2.7/dist-packages/myworkcell_core/srv/__init__.py
Symlinking /home/afif/catkin_ws/devel/share/common-lisp/ros/myworkcell_core/srv/LocalizePart.lisp
Symlinking /home/afif/catkin_ws/devel/share/common-lisp/ros/myworkcell_core/srv/_package.lisp
Symlinking /home/afif/catkin_ws/devel/share/common-lisp/ros/myworkcell_core/srv/_package_LocalizePart.lisp
Symlinking /home/afif/catkin_ws/devel/share/common-lisp/ros/myworkcell_core/srv/myworkcell_core-srv.asd
Symlinking /home/afif/catkin_ws/devel/share/gennodejs/ros/myworkcell_core/_index.js
Symlinking /home/afif/catkin_ws/devel/share/gennodejs/ros/myworkcell_core/srv/LocalizePart.js
Symlinking /home/afif/catkin_ws/devel/share/gennodejs/ros/myworkcell_core/srv/_index.js
Symlinking /home/afif/catkin_ws/devel/share/myworkcell_core/cmake/myworkcell_core-msg-extras.cmake
Symlinking /home/afif/catkin_ws/devel/share/myworkcell_core/cmake/myworkcell_core-msg-paths.cmake
Linked: (/home/afif/catkin_ws/devel/.private/myworkcell_core/share/myworkcell_core/cmake/myworkcell_coreConfig-version.cmake, /home/afif/catkin_ws/devel/share/myworkcell_core/cmake/myworkcell_coreConfig-version.cmake)
Linked: (/home/afif/catkin_ws/devel/.private/myworkcell_core/share/myworkcell_core/cmake/myworkcell_coreConfig.cmake, /home/afif/catkin_ws/devel/share/myworkcell_core/cmake/myworkcell_coreConfig.cmake)
Symlinking /home/afif/catkin_ws/devel/share/roseus/ros/myworkcell_core/manifest.l
Symlinking /home/afif/catkin_ws/devel/share/roseus/ros/myworkcell_core/srv/LocalizePart.l
