[  0%] Built target geometry_msgs_generate_messages_eus
[  0%] Built target geometry_msgs_generate_messages_py
[  0%] Built target geometry_msgs_generate_messages_lisp
[  0%] Built target rosgraph_msgs_generate_messages_nodejs
[  0%] Built target geometry_msgs_generate_messages_cpp
[  0%] Built target rosgraph_msgs_generate_messages_py
[  0%] Built target std_msgs_generate_messages_eus
[  0%] Built target _myworkcell_core_generate_messages_check_deps_LocalizePart
[  0%] Built target fake_ar_publisher_generate_messages_eus
[  0%] Built target fake_ar_publisher_generate_messages_cpp
[  0%] Built target rosgraph_msgs_generate_messages_lisp
[  0%] Built target rosgraph_msgs_generate_messages_eus
[  0%] Built target rosgraph_msgs_generate_messages_cpp
[  0%] Built target roscpp_generate_messages_py
[  0%] Built target std_msgs_generate_messages_py
[  0%] Built target roscpp_generate_messages_nodejs
[  0%] Built target roscpp_generate_messages_eus
[  0%] Built target geometry_msgs_generate_messages_nodejs
[  0%] Built target roscpp_generate_messages_lisp
[  0%] Built target roscpp_generate_messages_cpp
[  0%] Built target std_msgs_generate_messages_lisp
[  0%] Built target fake_ar_publisher_generate_messages_lisp
[  0%] Built target std_msgs_generate_messages_nodejs
[  0%] Built target fake_ar_publisher_generate_messages_nodejs
[  0%] Built target fake_ar_publisher_generate_messages_py
[  0%] Built target visualization_msgs_generate_messages_eus
[  0%] Built target visualization_msgs_generate_messages_lisp
[  0%] Built target std_msgs_generate_messages_cpp
[  0%] Built target visualization_msgs_generate_messages_cpp
[  0%] Built target visualization_msgs_generate_messages_py
[  0%] Built target visualization_msgs_generate_messages_nodejs
[ 22%] Built target myworkcell_core_generate_messages_py
[ 33%] Built target myworkcell_core_generate_messages_lisp
[ 55%] Built target myworkcell_core_generate_messages_cpp
[ 77%] Built target myworkcell_core_generate_messages_eus
[ 77%] Built target myworkcell_core_generate_messages_nodejs
[35m[1mScanning dependencies of target vision_node[0m
[35m[1mScanning dependencies of target myworkcell_node[0m
make[2]: *** No rule to make target 'CMakeFiles/myworkcell_node.dir/build'.  Stop.
CMakeFiles/Makefile2:101: recipe for target 'CMakeFiles/myworkcell_node.dir/all' failed
make[1]: *** [CMakeFiles/myworkcell_node.dir/all] Error 2
make[1]: *** Waiting for unfinished jobs....
[ 77%] Built target myworkcell_core_generate_messages
[ 88%] [32mBuilding CXX object CMakeFiles/vision_node.dir/src/vision_node.cpp.o[0m
[100%] [32m[1mLinking CXX executable /home/afif/catkin_ws/devel/.private/myworkcell_core/lib/myworkcell_core/vision_node[0m
[100%] Built target vision_node
Makefile:140: recipe for target 'all' failed
make: *** [all] Error 2
