[  0%] Built target geometry_msgs_generate_messages_py
[  0%] Built target geometry_msgs_generate_messages_eus
[  0%] Built target geometry_msgs_generate_messages_lisp
[  0%] Built target geometry_msgs_generate_messages_cpp
[  0%] Built target rosgraph_msgs_generate_messages_nodejs
[  0%] Built target std_msgs_generate_messages_eus
[  0%] Built target rosgraph_msgs_generate_messages_py
[  0%] Built target _myworkcell_core_generate_messages_check_deps_LocalizePart
[  0%] Built target fake_ar_publisher_generate_messages_eus
[  0%] Built target rosgraph_msgs_generate_messages_eus
[  0%] Built target rosgraph_msgs_generate_messages_lisp
[  0%] Built target roscpp_generate_messages_py
[  0%] Built target fake_ar_publisher_generate_messages_cpp
[  0%] Built target rosgraph_msgs_generate_messages_cpp
[  0%] Built target std_msgs_generate_messages_py
[  0%] Built target roscpp_generate_messages_nodejs
[  0%] Built target roscpp_generate_messages_eus
[  0%] Built target roscpp_generate_messages_lisp
[  0%] Built target geometry_msgs_generate_messages_nodejs
[  0%] Built target std_msgs_generate_messages_nodejs
[  0%] Built target roscpp_generate_messages_cpp
[  0%] Built target fake_ar_publisher_generate_messages_lisp
[  0%] Built target std_msgs_generate_messages_lisp
[  0%] Built target fake_ar_publisher_generate_messages_nodejs
[  0%] Built target visualization_msgs_generate_messages_cpp
[  0%] Built target fake_ar_publisher_generate_messages_py
[  0%] Built target visualization_msgs_generate_messages_eus
[  0%] Built target visualization_msgs_generate_messages_nodejs
[  0%] Built target visualization_msgs_generate_messages_lisp
[  0%] Built target std_msgs_generate_messages_cpp
[  0%] Built target visualization_msgs_generate_messages_py
[ 27%] Built target myworkcell_core_generate_messages_lisp
[ 27%] Built target myworkcell_core_generate_messages_py
[ 45%] Built target myworkcell_core_generate_messages_eus
[ 63%] Built target myworkcell_core_generate_messages_cpp
[ 63%] Built target myworkcell_core_generate_messages_nodejs
[35m[1mScanning dependencies of target myworkcell_node[0m
[ 63%] Built target myworkcell_core_generate_messages
[ 81%] Built target vision_node
[ 90%] [32mBuilding CXX object CMakeFiles/myworkcell_node.dir/src/myworkcell_node.cpp.o[0m
[100%] [32m[1mLinking CXX executable /home/afif/catkin_ws/devel/.private/myworkcell_core/lib/myworkcell_core/myworkcell_node[0m
[100%] Built target myworkcell_node
