Determining if the pthread_create exist failed with the following output:
Change Dir: /home/afif/catkin_ws/build/ur_e_description/CMakeFiles/CMakeTmp

Run Build Command:"/usr/bin/make" "cmTC_bde7b/fast"
/usr/bin/make -f CMakeFiles/cmTC_bde7b.dir/build.make CMakeFiles/cmTC_bde7b.dir/build
make[1]: Entering directory '/home/afif/catkin_ws/build/ur_e_description/CMakeFiles/CMakeTmp'
Building C object CMakeFiles/cmTC_bde7b.dir/CheckSymbolExists.c.o
/usr/bin/cc    -o CMakeFiles/cmTC_bde7b.dir/CheckSymbolExists.c.o   -c /home/afif/catkin_ws/build/ur_e_description/CMakeFiles/CMakeTmp/CheckSymbolExists.c
Linking C executable cmTC_bde7b
/usr/bin/cmake -E cmake_link_script CMakeFiles/cmTC_bde7b.dir/link.txt --verbose=1
/usr/bin/cc      -rdynamic CMakeFiles/cmTC_bde7b.dir/CheckSymbolExists.c.o  -o cmTC_bde7b 
CMakeFiles/cmTC_bde7b.dir/CheckSymbolExists.c.o: In function `main':
CheckSymbolExists.c:(.text+0x1b): undefined reference to `pthread_create'
collect2: error: ld returned 1 exit status
CMakeFiles/cmTC_bde7b.dir/build.make:97: recipe for target 'cmTC_bde7b' failed
make[1]: *** [cmTC_bde7b] Error 1
make[1]: Leaving directory '/home/afif/catkin_ws/build/ur_e_description/CMakeFiles/CMakeTmp'
Makefile:126: recipe for target 'cmTC_bde7b/fast' failed
make: *** [cmTC_bde7b/fast] Error 2

File /home/afif/catkin_ws/build/ur_e_description/CMakeFiles/CMakeTmp/CheckSymbolExists.c:
/* */
#include <pthread.h>

int main(int argc, char** argv)
{
  (void)argv;
#ifndef pthread_create
  return ((int*)(&pthread_create))[argc];
#else
  (void)argc;
  return 0;
#endif
}

Determining if the function pthread_create exists in the pthreads failed with the following output:
Change Dir: /home/afif/catkin_ws/build/ur_e_description/CMakeFiles/CMakeTmp

Run Build Command:"/usr/bin/make" "cmTC_d8b00/fast"
/usr/bin/make -f CMakeFiles/cmTC_d8b00.dir/build.make CMakeFiles/cmTC_d8b00.dir/build
make[1]: Entering directory '/home/afif/catkin_ws/build/ur_e_description/CMakeFiles/CMakeTmp'
Building C object CMakeFiles/cmTC_d8b00.dir/CheckFunctionExists.c.o
/usr/bin/cc   -DCHECK_FUNCTION_EXISTS=pthread_create   -o CMakeFiles/cmTC_d8b00.dir/CheckFunctionExists.c.o   -c /usr/share/cmake-3.10/Modules/CheckFunctionExists.c
Linking C executable cmTC_d8b00
/usr/bin/cmake -E cmake_link_script CMakeFiles/cmTC_d8b00.dir/link.txt --verbose=1
/usr/bin/cc  -DCHECK_FUNCTION_EXISTS=pthread_create    -rdynamic CMakeFiles/cmTC_d8b00.dir/CheckFunctionExists.c.o  -o cmTC_d8b00 -lpthreads 
/usr/bin/ld: cannot find -lpthreads
collect2: error: ld returned 1 exit status
CMakeFiles/cmTC_d8b00.dir/build.make:97: recipe for target 'cmTC_d8b00' failed
make[1]: *** [cmTC_d8b00] Error 1
make[1]: Leaving directory '/home/afif/catkin_ws/build/ur_e_description/CMakeFiles/CMakeTmp'
Makefile:126: recipe for target 'cmTC_d8b00/fast' failed
make: *** [cmTC_d8b00/fast] Error 2


